\BOOKMARK [1][-]{section.1}{\376\377\000I\000n\000t\000r\000o\000d\000u\000c\000t\000i\000o\000n}{}% 1
\BOOKMARK [1][-]{section.2}{\376\377\000C\000o\000m\000p\000r\000e\000s\000s\000o\000r\000\040\000C\000o\000n\000t\000r\000o\000l\000\040\000P\000a\000r\000a\000m\000e\000t\000e\000r\000s}{}% 2
\BOOKMARK [2][-]{subsection.2.1}{\376\377\000T\000h\000r\000e\000s\000h\000o\000l\000d}{section.2}% 3
\BOOKMARK [2][-]{subsection.2.2}{\376\377\000R\000a\000t\000i\000o}{section.2}% 4
\BOOKMARK [2][-]{subsection.2.3}{\376\377\000A\000t\000t\000a\000c\000k}{section.2}% 5
\BOOKMARK [2][-]{subsection.2.4}{\376\377\000R\000e\000l\000e\000a\000s\000e}{section.2}% 6
\BOOKMARK [2][-]{subsection.2.5}{\376\377\000K\000n\000e\000e}{section.2}% 7
\BOOKMARK [2][-]{subsection.2.6}{\376\377\000M\000a\000k\000e\000-\000U\000p\000\040\000G\000a\000i\000n}{section.2}% 8
\BOOKMARK [2][-]{subsection.2.7}{\376\377\000S\000i\000d\000e\000-\000c\000h\000a\000i\000n}{section.2}% 9
\BOOKMARK [1][-]{section.3}{\376\377\000C\000o\000m\000p\000r\000e\000s\000s\000o\000r\000\040\000T\000o\000p\000o\000l\000o\000g\000y}{}% 10
\BOOKMARK [2][-]{subsection.3.1}{\376\377\000F\000e\000e\000d\000b\000a\000c\000k\000\040\000C\000o\000m\000p\000r\000e\000s\000s\000i\000o\000n}{section.3}% 11
\BOOKMARK [2][-]{subsection.3.2}{\376\377\000F\000e\000e\000d\000-\000f\000o\000r\000w\000a\000r\000d\000\040\000C\000o\000m\000p\000r\000e\000s\000s\000i\000o\000n}{section.3}% 12
\BOOKMARK [1][-]{section.4}{\376\377\000F\000u\000n\000c\000t\000i\000o\000n\000a\000l\000\040\000B\000u\000i\000l\000d\000i\000n\000g\000\040\000B\000l\000o\000c\000k\000s\000\040\000o\000f\000\040\000a\000\040\000C\000o\000m\000p\000r\000e\000s\000s\000o\000r}{}% 13
\BOOKMARK [2][-]{subsection.4.1}{\376\377\000G\000a\000i\000n\000\040\000C\000o\000m\000p\000u\000t\000e\000r}{section.4}% 14
\BOOKMARK [2][-]{subsection.4.2}{\376\377\000I\000n\000p\000u\000t\000\040\000L\000e\000v\000e\000l\000\040\000D\000e\000t\000e\000c\000t\000i\000o\000n}{section.4}% 15
\BOOKMARK [3][-]{subsubsection.4.2.1}{\376\377\000A\000v\000e\000r\000a\000g\000e\000\040\000R\000e\000a\000d\000i\000n\000g\000\040\000L\000e\000v\000e\000l\000\040\000D\000e\000t\000e\000c\000t\000o\000r}{subsection.4.2}% 16
\BOOKMARK [3][-]{subsubsection.4.2.2}{\376\377\000R\000M\000S\000\040\000L\000e\000v\000e\000l\000\040\000D\000e\000t\000e\000c\000t\000o\000r}{subsection.4.2}% 17
\BOOKMARK [3][-]{subsubsection.4.2.3}{\376\377\000C\000r\000e\000s\000t\000\040\000F\000a\000c\000t\000o\000r}{subsection.4.2}% 18
\BOOKMARK [3][-]{subsubsection.4.2.4}{\376\377\000P\000r\000e\000-\000D\000e\000t\000e\000c\000t\000i\000o\000n\000\040\000F\000i\000l\000t\000e\000r\000i\000n\000g}{subsection.4.2}% 19
\BOOKMARK [2][-]{subsection.4.3}{\376\377\000G\000a\000i\000n\000\040\000L\000e\000v\000e\000l\000\040\000C\000o\000n\000t\000r\000o\000l\000l\000e\000r}{section.4}% 20
\BOOKMARK [1][-]{section.5}{\376\377\000O\000p\000t\000i\000m\000i\000z\000a\000t\000i\000o\000n\000\040\000o\000f\000\040\000t\000h\000e\000\040\000C\000o\000m\000p\000r\000e\000s\000s\000o\000r\000\040\000A\000r\000c\000h\000i\000t\000e\000c\000t\000u\000r\000e}{}% 21
\BOOKMARK [2][-]{subsection.5.1}{\376\377\000C\000o\000m\000p\000r\000e\000s\000s\000o\000r\000\040\000T\000o\000p\000o\000l\000o\000g\000y\000\040\000S\000e\000l\000e\000c\000t\000i\000o\000n}{section.5}% 22
\BOOKMARK [2][-]{subsection.5.2}{\376\377\000L\000o\000g\000a\000r\000i\000t\000h\000m\000i\000c\000\040\000D\000o\000m\000a\000i\000n\000\040\000S\000i\000g\000n\000a\000l\000\040\000P\000r\000o\000c\000e\000s\000s\000i\000n\000g}{section.5}% 23
\BOOKMARK [2][-]{subsection.5.3}{\376\377\000M\000i\000x\000e\000d\000\040\000U\000s\000e\000\040\000o\000f\000\040\000A\000v\000e\000r\000a\000g\000i\000n\000g\000\040\000a\000n\000d\000\040\000R\000M\000S\000\040\000L\000e\000v\000e\000l\000\040\000a\000s\000\040\000a\000n\000\040\000I\000n\000p\000u\000t\000\040\000L\000e\000v\000e\000l\000\040\000R\000e\000f\000e\000r\000e\000n\000c\000e}{section.5}% 24
\BOOKMARK [2][-]{subsection.5.4}{\376\377\000D\000e\000t\000e\000c\000t\000i\000o\000n\000\040\000L\000e\000v\000e\000l\000\040\000M\000i\000x\000i\000n\000g}{section.5}% 25
\BOOKMARK [2][-]{subsection.5.5}{\376\377\000P\000r\000e\000-\000D\000e\000t\000e\000c\000t\000i\000o\000n\000\040\000F\000i\000l\000t\000e\000r\000i\000n\000g}{section.5}% 26
\BOOKMARK [1][-]{section.6}{\376\377\000I\000m\000p\000l\000e\000m\000e\000n\000t\000a\000t\000i\000o\000n\000\040\000o\000f\000\040\000D\000i\000s\000c\000r\000e\000t\000e\000\040\000C\000i\000r\000c\000u\000i\000t\000\040\000C\000o\000m\000p\000r\000e\000s\000s\000o\000r\000\040\000C\000o\000m\000p\000o\000n\000e\000n\000t\000s}{}% 27
\BOOKMARK [2][-]{subsection.6.1}{\376\377\000P\000r\000e\000c\000i\000s\000i\000o\000n\000\040\000F\000u\000l\000l\000-\000W\000a\000v\000e\000\040\000R\000e\000c\000t\000i\000f\000i\000e\000r}{section.6}% 28
\BOOKMARK [2][-]{subsection.6.2}{\376\377\000L\000o\000g\000a\000r\000i\000t\000h\000m\000i\000c\000\040\000A\000m\000p\000l\000i\000f\000i\000e\000r\000s}{section.6}% 29
\BOOKMARK [3][-]{subsubsection.6.2.1}{\376\377\000P\000s\000e\000u\000d\000o\000-\000L\000o\000g\000a\000r\000i\000t\000h\000m\000i\000c\000\040\000A\000p\000p\000r\000o\000x\000i\000m\000a\000t\000i\000o\000n}{subsection.6.2}% 30
\BOOKMARK [3][-]{subsubsection.6.2.2}{\376\377\000T\000r\000a\000n\000s\000i\000m\000p\000e\000d\000a\000n\000c\000e\000\040\000L\000o\000g\000\040\000A\000m\000p\000l\000i\000f\000i\000e\000r}{subsection.6.2}% 31
\BOOKMARK [2][-]{subsection.6.3}{\376\377\000G\000a\000i\000n\000\040\000C\000o\000m\000p\000u\000t\000e\000r}{section.6}% 32
\BOOKMARK [3][-]{subsubsection.6.3.1}{\376\377\000P\000r\000e\000c\000i\000s\000i\000o\000n\000\040\000C\000l\000i\000p\000p\000e\000r}{subsection.6.3}% 33
\BOOKMARK [3][-]{subsubsection.6.3.2}{\376\377\000K\000n\000e\000e\000\040\000L\000e\000v\000e\000l\000\040\000M\000a\000n\000a\000g\000e\000m\000e\000n\000t}{subsection.6.3}% 34
\BOOKMARK [2][-]{subsection.6.4}{\376\377\000T\000r\000a\000n\000s\000i\000e\000n\000t\000\040\000S\000h\000a\000p\000i\000n\000g}{section.6}% 35
\BOOKMARK [3][-]{subsubsection.6.4.1}{\376\377\000P\000r\000e\000c\000i\000s\000i\000o\000n\000\040\000P\000e\000a\000k\000\040\000D\000e\000t\000e\000c\000t\000o\000r}{subsection.6.4}% 36
\BOOKMARK [3][-]{subsubsection.6.4.2}{\376\377\000T\000r\000u\000e\000\040\000R\000M\000S\000\040\000D\000e\000t\000e\000c\000t\000o\000r}{subsection.6.4}% 37
\BOOKMARK [3][-]{subsubsection.6.4.3}{\376\377\000C\000r\000o\000s\000s\000f\000a\000d\000e\000r}{subsection.6.4}% 38
\BOOKMARK [2][-]{subsection.6.5}{\376\377\000V\000o\000l\000t\000a\000g\000e\000\040\000C\000o\000n\000t\000r\000o\000l\000l\000e\000d\000\040\000A\000m\000p\000l\000i\000f\000i\000e\000r}{section.6}% 39
\BOOKMARK [1][-]{section.7}{\376\377\000H\000a\000r\000d\000w\000a\000r\000e\000\040\000D\000e\000s\000i\000g\000n}{}% 40
\BOOKMARK [2][-]{subsection.7.1}{\376\377\000M\000i\000s\000c\000e\000l\000l\000a\000n\000e\000o\000u\000s\000\040\000C\000i\000r\000c\000u\000i\000t\000r\000y}{section.7}% 41
\BOOKMARK [3][-]{subsubsection.7.1.1}{\376\377\000P\000o\000w\000e\000r\000\040\000D\000e\000l\000i\000v\000e\000r\000y}{subsection.7.1}% 42
\BOOKMARK [3][-]{subsubsection.7.1.2}{\376\377\000B\000a\000l\000a\000n\000c\000e\000\040\000L\000i\000n\000e\000\040\000I\000n\000p\000u\000t\000/\000O\000u\000t\000p\000u\000t}{subsection.7.1}% 43
\BOOKMARK [2][-]{subsection.7.2}{\376\377\000P\000r\000i\000n\000t\000e\000d\000\040\000C\000i\000r\000c\000u\000i\000t\000\040\000B\000o\000a\000r\000d\000\040\000D\000e\000s\000i\000g\000n}{section.7}% 44
\BOOKMARK [3][-]{subsubsection.7.2.1}{\376\377\000L\000a\000y\000e\000r\000\040\000S\000t\000a\000c\000k\000u\000p}{subsection.7.2}% 45
\BOOKMARK [3][-]{subsubsection.7.2.2}{\376\377\000C\000o\000m\000p\000o\000n\000e\000n\000t\000\040\000P\000l\000a\000c\000e\000m\000e\000n\000t}{subsection.7.2}% 46
\BOOKMARK [3][-]{subsubsection.7.2.3}{\376\377\000D\000e\000s\000i\000g\000n\000\040\000R\000u\000l\000e\000s\000\040\000a\000n\000d\000\040\000C\000o\000n\000s\000r\000a\000i\000n\000t\000s}{subsection.7.2}% 47
\BOOKMARK [3][-]{subsubsection.7.2.4}{\376\377\000S\000i\000g\000n\000a\000l\000\040\000I\000n\000t\000e\000g\000r\000i\000t\000y\000\040\000a\000n\000d\000\040\000E\000M\000I\000\040\000P\000r\000e\000c\000a\000u\000s\000i\000o\000n\000s}{subsection.7.2}% 48
\BOOKMARK [2][-]{subsection.7.3}{\376\377\000C\000o\000m\000p\000o\000n\000e\000n\000t\000\040\000S\000e\000l\000e\000c\000t\000i\000o\000n}{section.7}% 49
\BOOKMARK [1][-]{section.8}{\376\377\000P\000e\000r\000f\000o\000r\000m\000a\000n\000c\000e\000\040\000E\000v\000a\000l\000u\000a\000t\000i\000o\000n}{}% 50
\BOOKMARK [2][-]{subsection.8.1}{\376\377\000S\000i\000m\000u\000l\000a\000t\000i\000o\000n}{section.8}% 51
\BOOKMARK [2][-]{subsection.8.2}{\376\377\000M\000e\000a\000s\000u\000r\000e\000m\000e\000n\000t\000s}{section.8}% 52
\BOOKMARK [1][-]{section.9}{\376\377\000D\000i\000s\000c\000u\000s\000s\000i\000o\000n}{}% 53
